<?xml version="1.0" encoding="UTF-8"?>
<!-- Generated by org.testng.reporters.JUnitReportReporter -->
<testsuite hostname="ATMECSINDT-076" name="com.atmecs.qa.testscripts.TestDigitalLifePage" tests="6" failures="0" timestamp="7 Aug 2019 07:28:46 GMT" time="117.629" errors="0">
  <testcase name="testDigitalLifePageClick" time="47.011" classname="com.atmecs.qa.testscripts.TestDigitalLifePage"/>
  <testcase name="testArtificialIntelligencePageClick" time="18.799" classname="com.atmecs.qa.testscripts.TestDigitalLifePage"/>
  <testcase name="testVirtualRealityPageClick" time="15.162" classname="com.atmecs.qa.testscripts.TestDigitalLifePage"/>
  <testcase name="testBlockchainPageClick" time="12.934" classname="com.atmecs.qa.testscripts.TestDigitalLifePage"/>
  <testcase name="testRoboticPageClick" time="12.073" classname="com.atmecs.qa.testscripts.TestDigitalLifePage"/>
  <testcase name="testInternetOfThingsPageClick" time="11.650" classname="com.atmecs.qa.testscripts.TestDigitalLifePage"/>
</testsuite> <!-- com.atmecs.qa.testscripts.TestDigitalLifePage -->
