<?xml version="1.0" encoding="UTF-8"?>
<!-- Generated by org.testng.reporters.JUnitReportReporter -->
<testsuite hostname="ATMECSINDT-076" name="com.atmecs.qa.testscripts.TestCloudServicesPage" tests="1" failures="0" timestamp="9 Aug 2019 11:42:04 GMT" time="12.790" errors="0">
  <testcase name="testCloudServicesPageClick" time="12.790" classname="com.atmecs.qa.testscripts.TestCloudServicesPage"/>
</testsuite> <!-- com.atmecs.qa.testscripts.TestCloudServicesPage -->
