<?xml version="1.0" encoding="UTF-8"?>
<!-- Generated by org.testng.reporters.JUnitReportReporter -->
<testsuite hostname="ATMECSINDT-076" name="com.atmecs.qa.testscripts.TestQualityEngineeringPage" tests="1" failures="0" timestamp="9 Aug 2019 11:38:57 GMT" time="13.088" errors="0">
  <testcase name="testQualityEngineeringPageClick" time="13.088" classname="com.atmecs.qa.testscripts.TestQualityEngineeringPage"/>
</testsuite> <!-- com.atmecs.qa.testscripts.TestQualityEngineeringPage -->
