<?xml version="1.0" encoding="UTF-8"?>
<!-- Generated by org.testng.reporters.JUnitReportReporter -->
<testsuite hostname="ATMECSINDT-076" name="com.atmecs.qa.testscripts.TestInfrastructureServicesPage" tests="1" failures="0" timestamp="2 Aug 2019 13:27:07 GMT" time="33.853" errors="0">
  <testcase name="testServicePageClick" time="33.853" classname="com.atmecs.qa.testscripts.TestInfrastructureServicesPage"/>
</testsuite> <!-- com.atmecs.qa.testscripts.TestInfrastructureServicesPage -->
