<?xml version="1.0" encoding="UTF-8"?>
<!-- Generated by org.testng.reporters.JUnitReportReporter -->
<testsuite hostname="ATMECSINDT-076" name="com.atmecs.qa.testscripts.TestInfrastructureServicesPage" tests="6" failures="0" timestamp="7 Aug 2019 07:28:46 GMT" time="127.171" errors="0">
  <testcase name="testCloudInfrastructurePageClick" time="18.515" classname="com.atmecs.qa.testscripts.TestInfrastructureServicesPage"/>
  <testcase name="testDataCenterManagementPageClick" time="12.887" classname="com.atmecs.qa.testscripts.TestInfrastructureServicesPage"/>
  <testcase name="testInfrastructureServicePageClick" time="51.982" classname="com.atmecs.qa.testscripts.TestInfrastructureServicesPage"/>
  <testcase name="testDevopsPageClick" time="12.952" classname="com.atmecs.qa.testscripts.TestInfrastructureServicesPage"/>
  <testcase name="testInfrastructureManagementPageClick" time="17.111" classname="com.atmecs.qa.testscripts.TestInfrastructureServicesPage"/>
  <testcase name="testNOCServicesPageClick" time="13.724" classname="com.atmecs.qa.testscripts.TestInfrastructureServicesPage"/>
</testsuite> <!-- com.atmecs.qa.testscripts.TestInfrastructureServicesPage -->
