<?xml version="1.0" encoding="UTF-8"?>
<!-- Generated by org.testng.reporters.JUnitReportReporter -->
<testsuite hostname="ATMECSINDT-076" name="com.atmecs.qa.testscripts.TestMobileComputingPage" tests="1" failures="0" timestamp="9 Aug 2019 11:38:57 GMT" time="17.445" errors="0">
  <testcase name="testMobileComputingClick" time="17.445" classname="com.atmecs.qa.testscripts.TestMobileComputingPage"/>
</testsuite> <!-- com.atmecs.qa.testscripts.TestMobileComputingPage -->
