<?xml version="1.0" encoding="UTF-8"?>
<!-- Generated by org.testng.reporters.JUnitReportReporter -->
<testsuite hostname="ATMECSINDT-076" name="com.atmecs.qa.testscripts.TestMobileComputingPage" tests="1" failures="0" timestamp="7 Aug 2019 07:28:46 GMT" time="19.876" errors="0">
  <testcase name="testMobileComputingClick" time="19.876" classname="com.atmecs.qa.testscripts.TestMobileComputingPage"/>
</testsuite> <!-- com.atmecs.qa.testscripts.TestMobileComputingPage -->
