<?xml version="1.0" encoding="UTF-8"?>
<!-- Generated by org.testng.reporters.JUnitReportReporter -->
<testsuite hostname="ATMECSINDT-076" name="com.atmecs.qa.testscripts.TestServicePage" tests="1" failures="0" timestamp="5 Aug 2019 14:45:48 GMT" time="101.219" errors="0">
  <testcase name="testServicePageClick" time="101.219" classname="com.atmecs.qa.testscripts.TestServicePage"/>
</testsuite> <!-- com.atmecs.qa.testscripts.TestServicePage -->
