<?xml version="1.0" encoding="UTF-8"?>
<!-- Generated by org.testng.reporters.JUnitReportReporter -->
<testsuite hostname="ATMECSINDT-076" name="com.atmecs.qa.testscripts.TestEnterpriseAnalyticsPage" tests="1" failures="0" timestamp="5 Aug 2019 14:45:49 GMT" time="14.826" errors="0">
  <testcase name="testServicePageClick" time="14.826" classname="com.atmecs.qa.testscripts.TestEnterpriseAnalyticsPage"/>
</testsuite> <!-- com.atmecs.qa.testscripts.TestEnterpriseAnalyticsPage -->
