<?xml version="1.0" encoding="UTF-8"?>
<!-- Generated by org.testng.reporters.JUnitReportReporter -->
<testsuite hostname="ATMECSINDT-076" name="com.atmecs.qa.testscripts.TestServicePage" tests="1" failures="0" timestamp="9 Aug 2019 11:38:57 GMT" time="90.440" errors="0">
  <testcase name="testServicePageClick" time="90.440" classname="com.atmecs.qa.testscripts.TestServicePage"/>
</testsuite> <!-- com.atmecs.qa.testscripts.TestServicePage -->
