<?xml version="1.0" encoding="UTF-8"?>
<!-- Generated by org.testng.reporters.JUnitReportReporter -->
<testsuite hostname="ATMECSINDT-076" name="com.atmecs.qa.testscripts.TestDigitalLifePage" tests="6" failures="0" timestamp="6 Aug 2019 05:20:28 GMT" time="99.246" errors="0">
  <testcase name="testBlockchainPageClick" time="11.805" classname="com.atmecs.qa.testscripts.TestDigitalLifePage"/>
  <testcase name="testInternetOfThingsPageClick" time="11.199" classname="com.atmecs.qa.testscripts.TestDigitalLifePage"/>
  <testcase name="testRoboticPageClick" time="12.526" classname="com.atmecs.qa.testscripts.TestDigitalLifePage"/>
  <testcase name="testDigitalLifePageClick" time="39.557" classname="com.atmecs.qa.testscripts.TestDigitalLifePage"/>
  <testcase name="testArtificialIntelligencePageClick" time="11.446" classname="com.atmecs.qa.testscripts.TestDigitalLifePage"/>
  <testcase name="testVirtualRealityPageClick" time="12.713" classname="com.atmecs.qa.testscripts.TestDigitalLifePage"/>
</testsuite> <!-- com.atmecs.qa.testscripts.TestDigitalLifePage -->
