<?xml version="1.0" encoding="UTF-8"?>
<!-- Generated by org.testng.reporters.JUnitReportReporter -->
<testsuite hostname="ATMECSINDT-076" name="com.atmecs.Utils.Base" tests="1" failures="0" timestamp="30 Jul 2019 10:00:57 GMT" time="13.832" errors="0">
  <testcase name="chooseBrowser" time="13.832" classname="com.atmecs.Utils.Base"/>
</testsuite> <!-- com.atmecs.Utils.Base -->
