<?xml version="1.0" encoding="UTF-8"?>
<!-- Generated by org.testng.reporters.JUnitReportReporter -->
<testsuite hostname="ATMECSINDT-076" name="com.atmecs.qa.testscripts.TestMobileComputingPage" tests="1" failures="0" timestamp="6 Aug 2019 05:20:28 GMT" time="10.559" errors="0">
  <testcase name="testServicePageClick" time="10.559" classname="com.atmecs.qa.testscripts.TestMobileComputingPage"/>
</testsuite> <!-- com.atmecs.qa.testscripts.TestMobileComputingPage -->
