<?xml version="1.0" encoding="UTF-8"?>
<!-- Generated by org.testng.reporters.JUnitReportReporter -->
<testsuite hostname="ATMECSINDT-076" name="com.atmecs.qa.testscripts.TestMobileComputingPage" tests="1" failures="0" timestamp="2 Aug 2019 11:01:50 GMT" time="7.992" errors="0">
  <testcase name="testServicePageClick" time="7.992" classname="com.atmecs.qa.testscripts.TestMobileComputingPage"/>
</testsuite> <!-- com.atmecs.qa.testscripts.TestMobileComputingPage -->
