<?xml version="1.0" encoding="UTF-8"?>
<!-- Generated by org.testng.reporters.JUnitReportReporter -->
<testsuite hostname="ATMECSINDT-076" name="com.atmecs.qa.testscripts.TestEnterpriseAnalyticsPage" tests="1" failures="0" timestamp="9 Aug 2019 11:38:57 GMT" time="11.859" errors="0">
  <testcase name="testEnterpriseAnalyticsPageClick" time="11.859" classname="com.atmecs.qa.testscripts.TestEnterpriseAnalyticsPage"/>
</testsuite> <!-- com.atmecs.qa.testscripts.TestEnterpriseAnalyticsPage -->
