<?xml version="1.0" encoding="UTF-8"?>
<!-- Generated by org.testng.reporters.JUnitReportReporter -->
<testsuite hostname="ATMECSINDT-076" name="com.atmecs.qa.testscripts.TestProductEngineeringPage" tests="1" failures="0" timestamp="7 Aug 2019 07:28:46 GMT" time="13.099" errors="0">
  <testcase name="testProductEngineeringClick" time="13.099" classname="com.atmecs.qa.testscripts.TestProductEngineeringPage"/>
</testsuite> <!-- com.atmecs.qa.testscripts.TestProductEngineeringPage -->
