<?xml version="1.0" encoding="UTF-8"?>
<!-- Generated by org.testng.reporters.JUnitReportReporter -->
<testsuite hostname="ATMECSINDT-076" name="com.atmecs.qa.testscripts.TestProductEngineeringPage" tests="1" failures="0" timestamp="5 Aug 2019 14:45:48 GMT" time="13.656" errors="0">
  <testcase name="testServicePageClick" time="13.656" classname="com.atmecs.qa.testscripts.TestProductEngineeringPage"/>
</testsuite> <!-- com.atmecs.qa.testscripts.TestProductEngineeringPage -->
