<?xml version="1.0" encoding="UTF-8"?>
<!-- Generated by org.testng.reporters.JUnitReportReporter -->
<testsuite hostname="ATMECSINDT-076" name="com.atmecs.qa.testscripts.TestMobileComputingPage" tests="1" failures="0" timestamp="5 Aug 2019 14:45:48 GMT" time="16.598" errors="0">
  <testcase name="testServicePageClick" time="16.598" classname="com.atmecs.qa.testscripts.TestMobileComputingPage"/>
</testsuite> <!-- com.atmecs.qa.testscripts.TestMobileComputingPage -->
