<?xml version="1.0" encoding="UTF-8"?>
<!-- Generated by org.testng.reporters.JUnitReportReporter -->
<testsuite hostname="ATMECSINDT-076" name="com.atmecs.qa.testscripts.TestServicePage" tests="1" failures="0" timestamp="6 Aug 2019 05:20:28 GMT" time="92.797" errors="0">
  <testcase name="testServicePageClick" time="92.797" classname="com.atmecs.qa.testscripts.TestServicePage"/>
</testsuite> <!-- com.atmecs.qa.testscripts.TestServicePage -->
