<?xml version="1.0" encoding="UTF-8"?>
<!-- Generated by org.testng.reporters.JUnitReportReporter -->
<testsuite hostname="ATMECSINDT-076" name="com.atmecs.qa.testscripts.TestProductEngineeringPage" tests="1" failures="0" timestamp="9 Aug 2019 11:38:57 GMT" time="14.866" errors="0">
  <testcase name="testProductEngineeringClick" time="14.866" classname="com.atmecs.qa.testscripts.TestProductEngineeringPage"/>
</testsuite> <!-- com.atmecs.qa.testscripts.TestProductEngineeringPage -->
