<?xml version="1.0" encoding="UTF-8"?>
<!-- Generated by org.testng.reporters.JUnitReportReporter -->
<testsuite hostname="ATMECSINDT-076" name="com.atmecs.TestScripts.ServiceMenu" tests="1" failures="0" timestamp="30 Jul 2019 11:09:29 GMT" time="0.008" errors="0">
  <testcase name="clickServiceMenu" time="0.008" classname="com.atmecs.TestScripts.ServiceMenu"/>
</testsuite> <!-- com.atmecs.TestScripts.ServiceMenu -->
