<?xml version="1.0" encoding="UTF-8"?>
<!-- Generated by org.testng.reporters.JUnitReportReporter -->
<testsuite hostname="ATMECSINDT-076" name="com.atmecs.qa.testscripts.TestCloudServicesPage" tests="1" failures="0" timestamp="2 Aug 2019 10:40:34 GMT" time="7.353" errors="0">
  <testcase name="testCloudServicesPageClick" time="7.353" classname="com.atmecs.qa.testscripts.TestCloudServicesPage"/>
</testsuite> <!-- com.atmecs.qa.testscripts.TestCloudServicesPage -->
