<?xml version="1.0" encoding="UTF-8"?>
<!-- Generated by org.testng.reporters.JUnitReportReporter -->
<testsuite hostname="ATMECSINDT-076" name="com.atmecs.qa.testscripts.TestProductEngineeringPage" tests="1" failures="0" timestamp="2 Aug 2019 11:01:25 GMT" time="8.563" errors="0">
  <testcase name="testServicePageClick" time="8.563" classname="com.atmecs.qa.testscripts.TestProductEngineeringPage"/>
</testsuite> <!-- com.atmecs.qa.testscripts.TestProductEngineeringPage -->
