<?xml version="1.0" encoding="UTF-8"?>
<!-- Generated by org.testng.reporters.JUnitReportReporter -->
<testsuite hostname="ATMECSINDT-076" name="com.atmecs.qa.testbase.Base" tests="1" failures="0" timestamp="31 Jul 2019 14:00:52 GMT" time="12.622" errors="0">
  <testcase name="openBrowser" time="12.622" classname="com.atmecs.qa.testbase.Base"/>
</testsuite> <!-- com.atmecs.qa.testbase.Base -->
