<?xml version="1.0" encoding="UTF-8"?>
<!-- Generated by org.testng.reporters.JUnitReportReporter -->
<testsuite hostname="ATMECSINDT-076" name="com.atmecs.qa.testscripts.TestCloudServicesPage" tests="1" failures="0" timestamp="6 Aug 2019 05:20:28 GMT" time="13.773" errors="0">
  <testcase name="testCloudServicesPageClick" time="13.773" classname="com.atmecs.qa.testscripts.TestCloudServicesPage"/>
</testsuite> <!-- com.atmecs.qa.testscripts.TestCloudServicesPage -->
